<?xml version="1.0" encoding="UTF-8"?>
<testsuite xmlns:xsi="http://www.w3.org/2001/XMLSchema-instance" xsi:noNamespaceSchemaLocation="https://maven.apache.org/surefire/maven-surefire-plugin/xsd/surefire-test-report-3.0.xsd" version="3.0" name="PracticeProblemTest" time="0.112" tests="9" errors="0" skipped="0" failures="0">
  <properties>
[...]
</properties>
  <testcase name="sumColTest1" classname="PracticeProblemTest" time="0.035">
    <system-err><![CDATA[Nov 02, 2025 7:40:04 PM org.junit.jupiter.engine.descriptor.DisplayNameUtils determineDisplayName
WARNING: Configuration error: @DisplayName on [void PracticeProblemTest.sumColTest1()] must be declared with a non-empty value.
Nov 02, 2025 7:40:04 PM org.junit.jupiter.engine.descriptor.DisplayNameUtils determineDisplayName
WARNING: Configuration error: @DisplayName on [void PracticeProblemTest.sumColTest2()] must be declared with a non-empty value.
Nov 02, 2025 7:40:04 PM org.junit.jupiter.engine.descriptor.DisplayNameUtils determineDisplayName
WARNING: Configuration error: @DisplayName on [void PracticeProblemTest.sumColTest3()] must be declared with a non-empty value.
Nov 02, 2025 7:40:04 PM org.junit.jupiter.engine.descriptor.DisplayNameUtils determineDisplayName
WARNING: Configuration error: @DisplayName on [void PracticeProblemTest.sum2DTest3()] must be declared with a non-empty value.
Nov 02, 2025 7:40:04 PM org.junit.jupiter.engine.descriptor.DisplayNameUtils determineDisplayName
WARNING: Configuration error: @DisplayName on [void PracticeProblemTest.sum2Dtest2()] must be declared with a non-empty value.
Nov 02, 2025 7:40:04 PM org.junit.jupiter.engine.descriptor.DisplayNameUtils determineDisplayName
WARNING: Configuration error: @DisplayName on [void PracticeProblemTest.sumRowTest1()] must be declared with a non-empty value.
Nov 02, 2025 7:40:04 PM org.junit.jupiter.engine.descriptor.DisplayNameUtils determineDisplayName
WARNING: Configuration error: @DisplayName on [void PracticeProblemTest.sumRowTest2()] must be declared with a non-empty value.
Nov 02, 2025 7:40:04 PM org.junit.jupiter.engine.descriptor.DisplayNameUtils determineDisplayName
WARNING: Configuration error: @DisplayName on [void PracticeProblemTest.sumRowTest3()] must be declared with a non-empty value.
Nov 02, 2025 7:40:04 PM org.junit.jupiter.engine.descriptor.DisplayNameUtils determineDisplayName
WARNING: Configuration error: @DisplayName on [void PracticeProblemTest.Sum2DTest1()] must be declared with a non-empty value.
Nov 02, 2025 7:40:04 PM org.junit.jupiter.engine.descriptor.DisplayNameUtils determineDisplayName
WARNING: Configuration error: @DisplayName on [void PracticeProblemTest.sumColTest1()] must be declared with a non-empty value.
Nov 02, 2025 7:40:04 PM org.junit.jupiter.engine.descriptor.DisplayNameUtils determineDisplayName
WARNING: Configuration error: @DisplayName on [void PracticeProblemTest.sumColTest2()] must be declared with a non-empty value.
Nov 02, 2025 7:40:04 PM org.junit.jupiter.engine.descriptor.DisplayNameUtils determineDisplayName
WARNING: Configuration error: @DisplayName on [void PracticeProblemTest.sumColTest3()] must be declared with a non-empty value.
Nov 02, 2025 7:40:04 PM org.junit.jupiter.engine.descriptor.DisplayNameUtils determineDisplayName
WARNING: Configuration error: @DisplayName on [void PracticeProblemTest.sum2DTest3()] must be declared with a non-empty value.
Nov 02, 2025 7:40:04 PM org.junit.jupiter.engine.descriptor.DisplayNameUtils determineDisplayName
WARNING: Configuration error: @DisplayName on [void PracticeProblemTest.sum2Dtest2()] must be declared with a non-empty value.
Nov 02, 2025 7:40:04 PM org.junit.jupiter.engine.descriptor.DisplayNameUtils determineDisplayName
WARNING: Configuration error: @DisplayName on [void PracticeProblemTest.sumRowTest1()] must be declared with a non-empty value.
Nov 02, 2025 7:40:04 PM org.junit.jupiter.engine.descriptor.DisplayNameUtils determineDisplayName
WARNING: Configuration error: @DisplayName on [void PracticeProblemTest.sumRowTest2()] must be declared with a non-empty value.
Nov 02, 2025 7:40:04 PM org.junit.jupiter.engine.descriptor.DisplayNameUtils determineDisplayName
WARNING: Configuration error: @DisplayName on [void PracticeProblemTest.sumRowTest3()] must be declared with a non-empty value.
Nov 02, 2025 7:40:04 PM org.junit.jupiter.engine.descriptor.DisplayNameUtils determineDisplayName
WARNING: Configuration error: @DisplayName on [void PracticeProblemTest.Sum2DTest1()] must be declared with a non-empty value.
]]></system-err>
  </testcase>
  <testcase name="sumColTest2" classname="PracticeProblemTest" time="0.003"/>
  <testcase name="sumColTest3" classname="PracticeProblemTest" time="0.002"/>
  <testcase name="sum2DTest3" classname="PracticeProblemTest" time="0.003"/>
  <testcase name="sum2Dtest2" classname="PracticeProblemTest" time="0.001"/>
  <testcase name="sumRowTest1" classname="PracticeProblemTest" time="0.002"/>
  <testcase name="sumRowTest2" classname="PracticeProblemTest" time="0.001"/>
  <testcase name="sumRowTest3" classname="PracticeProblemTest" time="0.001"/>
  <testcase name="Sum2DTest1" classname="PracticeProblemTest" time="0.005"/>
</testsuite>